<?xml version="1.0" encoding="UTF-8"?>
<!-- Generated by org.testng.reporters.JUnitReportReporter -->
<testsuite hostname="LAPTOP-MTO5U5N3" failures="0" tests="1" name="restApiTestCases.RestApiTest" time="1.439" errors="0" timestamp="25 May 2020 06:54:24 GMT">
  <testcase classname="restApiTestCases.RestApiTest" name="getCallTest" time="1.439"/>
</testsuite> <!-- restApiTestCases.RestApiTest -->
